2025.01.10 15:54:46 INFO  Started: Metals version 1.4.2 in folders 'E:\functional\functional_project\ludo' for client Visual Studio Code 1.96.2.
2025.01.10 15:55:17 INFO  no build target found for E:\functional\functional_project\ludo\app\controllers\HomeController.scala. Using presentation compiler with project's scala-library version: 3.3.4
2025.01.10 15:55:18 INFO  no build target found for E:\functional\functional_project\ludo\app\controllers\HomeController.scala. Using presentation compiler with project's scala-library version: 3.3.4
2025.01.10 15:55:26 INFO  no build target found for E:\functional\functional_project\ludo\app\controllers\HomeController.scala. Using presentation compiler with project's scala-library version: 3.3.4
2025.01.10 15:55:33 INFO  no build target found for E:\functional\functional_project\ludo\app\controllers\HomeController.scala. Using presentation compiler with project's scala-library version: 3.3.4
2025.01.10 15:55:33 INFO  no build target found for E:\functional\functional_project\ludo\app\controllers\HomeController.scala. Using presentation compiler with project's scala-library version: 3.3.4
2025.01.10 15:55:37 INFO  no build target found for E:\functional\functional_project\ludo\app\controllers\HomeController.scala. Using presentation compiler with project's scala-library version: 3.3.4
2025.01.10 15:55:40 INFO  no build target found for E:\functional\functional_project\ludo\app\controllers\HomeController.scala. Using presentation compiler with project's scala-library version: 3.3.4
2025.01.10 15:55:41 INFO  no build target found for E:\functional\functional_project\ludo\app\controllers\HomeController.scala. Using presentation compiler with project's scala-library version: 3.3.4
2025.01.10 15:55:53 INFO  no build target found for E:\functional\functional_project\ludo\app\controllers\HomeController.scala. Using presentation compiler with project's scala-library version: 3.3.4
Jan 10, 2025 3:56:00 PM org.eclipse.lsp4j.jsonrpc.services.GenericEndpoint notify
INFO: Unsupported notification method: $/setTrace
2025.01.10 15:57:09 INFO  no build target found for E:\functional\functional_project\ludo\app\controllers\HomeController.scala. Using presentation compiler with project's scala-library version: 3.3.4
Jan 10, 2025 3:59:45 PM org.eclipse.lsp4j.jsonrpc.services.GenericEndpoint notify
INFO: Unsupported notification method: $/setTrace
2025.01.10 15:59:56 INFO  Shutting down server
2025.01.10 15:59:56 INFO  shutting down Metals
2025.01.10 15:59:56 INFO  Exiting server
2025.01.10 16:00:08 INFO  Started: Metals version 1.4.2 in folders 'E:\functional\functional_project\ludo' for client Visual Studio Code 1.96.2.
2025.01.10 16:00:19 INFO  running 'C:\Program Files\Java\jdk-23\bin\java.exe -Djline.terminal=jline.UnsupportedTerminal -Dsbt.log.noformat=true -Dfile.encoding=UTF-8 -jar C:\Users\patta\AppData\Local\Temp\metals4845713754780036924\sbt-launch.jar -Dbloop.export-jar-classifiers=sources bloopInstall'
2025.01.10 16:00:21 INFO  sbt thinks that server is already booting because of this exception:
2025.01.10 16:00:21 ERROR sbt.internal.ServerAlreadyBootingException: java.io.IOException: Could not create lock for \\.\pipe\sbt-load4584721997044804306_lock, error 5
2025.01.10 16:00:21 ERROR 	at sbt.internal.BootServerSocket.newSocket(BootServerSocket.java:357)
2025.01.10 16:00:21 ERROR 	at sbt.internal.BootServerSocket.<init>(BootServerSocket.java:296)
2025.01.10 16:00:21 ERROR 	at sbt.xMain$.getSocketOrExit(Main.scala:153)
2025.01.10 16:00:21 ERROR 	at sbt.xMain$.bootServerSocket$lzycompute$1(Main.scala:79)
2025.01.10 16:00:21 ERROR 	at sbt.xMain$.bootServerSocket$1(Main.scala:79)
2025.01.10 16:00:21 ERROR 	at sbt.xMain$.withStreams$1(Main.scala:87)
2025.01.10 16:00:21 ERROR 	at sbt.xMain$.run(Main.scala:124)
2025.01.10 16:00:21 ERROR 	at java.base/jdk.internal.reflect.DirectMethodHandleAccessor.invoke(DirectMethodHandleAccessor.java:103)
2025.01.10 16:00:21 ERROR 	at java.base/java.lang.reflect.Method.invoke(Method.java:580)
2025.01.10 16:00:21 ERROR 	at sbt.internal.XMainConfiguration.run(XMainConfiguration.java:59)
2025.01.10 16:00:21 ERROR 	at sbt.xMain.run(Main.scala:48)
2025.01.10 16:00:21 ERROR 	at xsbt.boot.Launch$.$anonfun$run$1(Launch.scala:149)
2025.01.10 16:00:21 ERROR 	at xsbt.boot.Launch$.withContextLoader(Launch.scala:176)
2025.01.10 16:00:21 ERROR 	at xsbt.boot.Launch$.run(Launch.scala:149)
2025.01.10 16:00:21 ERROR 	at xsbt.boot.Launch$.$anonfun$apply$1(Launch.scala:44)
2025.01.10 16:00:21 ERROR 	at xsbt.boot.Launch$.launch(Launch.scala:159)
2025.01.10 16:00:21 ERROR 	at xsbt.boot.Launch$.apply(Launch.scala:44)
2025.01.10 16:00:21 ERROR 	at xsbt.boot.Launch$.apply(Launch.scala:21)
2025.01.10 16:00:21 ERROR 	at xsbt.boot.Boot$.runImpl(Boot.scala:78)
2025.01.10 16:00:21 ERROR 	at xsbt.boot.Boot$.run(Boot.scala:73)
2025.01.10 16:00:21 ERROR 	at xsbt.boot.Boot$.main(Boot.scala:21)
2025.01.10 16:00:21 ERROR 	at xsbt.boot.Boot.main(Boot.scala)
2025.01.10 16:00:21 ERROR Caused by: java.io.IOException: Could not create lock for \\.\pipe\sbt-load4584721997044804306_lock, error 5
2025.01.10 16:00:21 ERROR 	at org.scalasbt.ipcsocket.Win32NamedPipeServerSocket.<init>(Win32NamedPipeServerSocket.java:129)
2025.01.10 16:00:21 ERROR 	at org.scalasbt.ipcsocket.Win32NamedPipeServerSocket.<init>(Win32NamedPipeServerSocket.java:48)
2025.01.10 16:00:21 ERROR 	at sbt.internal.BootServerSocket.newSocket(BootServerSocket.java:351)
2025.01.10 16:00:21 ERROR 	... 21 more
2025.01.10 16:00:21 INFO  time: ran 'sbt bloopInstall' in 1.94s
2025.01.10 16:00:21 ERROR sbt command failed: C:\Program Files\Java\jdk-23\bin\java.exe -Djline.terminal=jline.UnsupportedTerminal -Dsbt.log.noformat=true -Dfile.encoding=UTF-8 -jar C:\Users\patta\AppData\Local\Temp\metals4845713754780036924\sbt-launch.jar -Dbloop.export-jar-classifiers=sources bloopInstall
